Build started 11/4/2017 7:55:27 PM.
     1>Project "C:\Users\josef\Documents\Visual Studio 2010\Projects\gg\queue\queue\queue.vcxproj" on node 2 (build target(s)).
     1>InitializeBuildStatus:
         Touching "Debug\queue.unsuccessfulbuild".
       ClCompile:
         c:\Program Files (x86)\Microsoft Visual Studio 10.0\VC\bin\CL.exe /c /ZI /nologo /W3 /WX- /Od /Oy- /D _MBCS /Gm /EHsc /RTC1 /MDd /GS /fp:precise /Zc:wchar_t /Zc:forScope /Fo"Debug\\" /Fd"Debug\vc100.pdb" /Gd /TP /analyze- /errorReport:prompt Queue.cpp main.cpp
         main.cpp
         Queue.cpp
         Generating Code...
     1>c:\users\josef\documents\visual studio 2010\projects\gg\queue\queue\queue.cpp(33): warning C4715: 'Queue::getNode' : not all control paths return a value
       Link:
         c:\Program Files (x86)\Microsoft Visual Studio 10.0\VC\bin\link.exe /ERRORREPORT:PROMPT /OUT:"C:\Users\josef\Documents\Visual Studio 2010\Projects\gg\queue\Debug\queue.exe" /NOLOGO kernel32.lib user32.lib gdi32.lib winspool.lib comdlg32.lib advapi32.lib shell32.lib ole32.lib oleaut32.lib uuid.lib odbc32.lib odbccp32.lib /MANIFEST /ManifestFile:"Debug\queue.exe.intermediate.manifest" /MANIFESTUAC:"level='asInvoker' uiAccess='false'" /DEBUG /PDB:"C:\Users\josef\Documents\Visual Studio 2010\Projects\gg\queue\Debug\queue.pdb" /TLBID:1 /DYNAMICBASE /NXCOMPAT /IMPLIB:"C:\Users\josef\Documents\Visual Studio 2010\Projects\gg\queue\Debug\queue.lib" /MACHINE:X86 Debug\main.obj
         Debug\Node.obj
         Debug\Queue.obj
         queue.vcxproj -> C:\Users\josef\Documents\Visual Studio 2010\Projects\gg\queue\Debug\queue.exe
       Manifest:
         c:\Program Files (x86)\Microsoft SDKs\Windows\v7.0A\bin\mt.exe /nologo /verbose /outputresource:"C:\Users\josef\Documents\Visual Studio 2010\Projects\gg\queue\Debug\queue.exe;#1" /manifest Debug\queue.exe.intermediate.manifest
       FinalizeBuildStatus:
         Deleting file "Debug\queue.unsuccessfulbuild".
         Touching "Debug\queue.lastbuildstate".
     1>Done Building Project "C:\Users\josef\Documents\Visual Studio 2010\Projects\gg\queue\queue\queue.vcxproj" (build target(s)).

Build succeeded.

Time Elapsed 00:00:01.50
